<?xml version="1.0" encoding="UTF-8"?>
<testsuite xmlns:xsi="http://www.w3.org/2001/XMLSchema-instance" xsi:noNamespaceSchemaLocation="https://maven.apache.org/surefire/maven-surefire-plugin/xsd/surefire-test-report.xsd" name="org.gradoop.flink.model.impl.operators.subgraph.SubgraphTest" time="5.364" tests="1" errors="0" skipped="0" failures="0">
  <properties>
    <property name="sun.desktop" value="windows"/>
    <property name="log4j.configuration" value="log4j-test.properties"/>
    <property name="awt.toolkit" value="sun.awt.windows.WToolkit"/>
    <property name="file.encoding.pkg" value="sun.io"/>
    <property name="java.specification.version" value="1.8"/>
    <property name="sun.cpu.isalist" value="amd64"/>
    <property name="sun.jnu.encoding" value="Cp1252"/>
    <property name="java.class.path" value="C:\Users\INDERJEET\project\gradoop-flink\target\test-classes;C:\Users\INDERJEET\project\gradoop-flink\target\classes;C:\Users\INDERJEET\.m2\repository\org\gradoop\gradoop-common\0.7.0-SNAPSHOT\gradoop-common-0.7.0-SNAPSHOT.jar;C:\Users\INDERJEET\.m2\repository\com\google\guava\guava\14.0\guava-14.0.jar;C:\Users\INDERJEET\.m2\repository\org\apache\commons\commons-lang3\3.11\commons-lang3-3.11.jar;C:\Users\INDERJEET\.m2\repository\org\gradoop\gradoop-gdl\0.5.2\gradoop-gdl-0.5.2.jar;C:\Users\INDERJEET\.m2\repository\org\antlr\antlr4-runtime\4.9.1\antlr4-runtime-4.9.1.jar;C:\Users\INDERJEET\.m2\repository\org\codehaus\jettison\jettison\1.5.4\jettison-1.5.4.jar;C:\Users\INDERJEET\.m2\repository\org\apache\flink\flink-java\1.9.3\flink-java-1.9.3.jar;C:\Users\INDERJEET\.m2\repository\org\apache\flink\flink-core\1.9.3\flink-core-1.9.3.jar;C:\Users\INDERJEET\.m2\repository\org\apache\flink\flink-annotations\1.9.3\flink-annotations-1.9.3.jar;C:\Users\INDERJEET\.m2\repository\org\apache\flink\flink-metrics-core\1.9.3\flink-metrics-core-1.9.3.jar;C:\Users\INDERJEET\.m2\repository\com\esotericsoftware\kryo\kryo\2.24.0\kryo-2.24.0.jar;C:\Users\INDERJEET\.m2\repository\com\esotericsoftware\minlog\minlog\1.2\minlog-1.2.jar;C:\Users\INDERJEET\.m2\repository\org\apache\flink\flink-shaded-asm-6\6.2.1-7.0\flink-shaded-asm-6-6.2.1-7.0.jar;C:\Users\INDERJEET\.m2\repository\org\apache\commons\commons-math3\3.5\commons-math3-3.5.jar;C:\Users\INDERJEET\.m2\repository\org\slf4j\slf4j-api\1.7.15\slf4j-api-1.7.15.jar;C:\Users\INDERJEET\.m2\repository\com\google\code\findbugs\jsr305\1.3.9\jsr305-1.3.9.jar;C:\Users\INDERJEET\.m2\repository\org\apache\flink\force-shading\1.9.3\force-shading-1.9.3.jar;C:\Users\INDERJEET\.m2\repository\org\apache\flink\flink-gelly_2.11\1.9.3\flink-gelly_2.11-1.9.3.jar;C:\Users\INDERJEET\.m2\repository\me\lemire\integercompression\JavaFastPFOR\0.1.10\JavaFastPFOR-0.1.10.jar;C:\Users\INDERJEET\.m2\repository\org\apache\flink\flink-hadoop-compatibility_2.11\1.9.3\flink-hadoop-compatibility_2.11-1.9.3.jar;C:\Users\INDERJEET\.m2\repository\org\apache\flink\flink-shaded-hadoop-2\2.6.5-9.0\flink-shaded-hadoop-2-2.6.5-9.0.jar;C:\Users\INDERJEET\.m2\repository\org\apache\commons\commons-compress\1.18\commons-compress-1.18.jar;C:\Users\INDERJEET\.m2\repository\org\apache\avro\avro\1.8.2\avro-1.8.2.jar;C:\Users\INDERJEET\.m2\repository\org\codehaus\jackson\jackson-core-asl\1.9.13\jackson-core-asl-1.9.13.jar;C:\Users\INDERJEET\.m2\repository\org\codehaus\jackson\jackson-mapper-asl\1.9.13\jackson-mapper-asl-1.9.13.jar;C:\Users\INDERJEET\.m2\repository\com\thoughtworks\paranamer\paranamer\2.7\paranamer-2.7.jar;C:\Users\INDERJEET\.m2\repository\org\xerial\snappy\snappy-java\1.1.4\snappy-java-1.1.4.jar;C:\Users\INDERJEET\.m2\repository\org\tukaani\xz\1.5\xz-1.5.jar;C:\Users\INDERJEET\.m2\repository\commons-cli\commons-cli\1.4\commons-cli-1.4.jar;C:\Users\INDERJEET\.m2\repository\xmlenc\xmlenc\0.52\xmlenc-0.52.jar;C:\Users\INDERJEET\.m2\repository\commons-codec\commons-codec\1.10\commons-codec-1.10.jar;C:\Users\INDERJEET\.m2\repository\commons-io\commons-io\2.4\commons-io-2.4.jar;C:\Users\INDERJEET\.m2\repository\commons-net\commons-net\3.1\commons-net-3.1.jar;C:\Users\INDERJEET\.m2\repository\commons-collections\commons-collections\3.2.2\commons-collections-3.2.2.jar;C:\Users\INDERJEET\.m2\repository\javax\servlet\servlet-api\2.5\servlet-api-2.5.jar;C:\Users\INDERJEET\.m2\repository\commons-el\commons-el\1.0\commons-el-1.0.jar;C:\Users\INDERJEET\.m2\repository\commons-logging\commons-logging\1.1.3\commons-logging-1.1.3.jar;C:\Users\INDERJEET\.m2\repository\log4j\log4j\1.2.17\log4j-1.2.17.jar;C:\Users\INDERJEET\.m2\repository\com\jamesmurty\utils\java-xmlbuilder\0.4\java-xmlbuilder-0.4.jar;C:\Users\INDERJEET\.m2\repository\commons-lang\commons-lang\2.6\commons-lang-2.6.jar;C:\Users\INDERJEET\.m2\repository\commons-configuration\commons-configuration\1.7\commons-configuration-1.7.jar;C:\Users\INDERJEET\.m2\repository\commons-digester\commons-digester\1.8.1\commons-digester-1.8.1.jar;C:\Users\INDERJEET\.m2\repository\org\slf4j\slf4j-log4j12\1.7.15\slf4j-log4j12-1.7.15.jar;C:\Users\INDERJEET\.m2\repository\com\google\code\gson\gson\2.2.4\gson-2.2.4.jar;C:\Users\INDERJEET\.m2\repository\org\apache\directory\server\apacheds-kerberos-codec\2.0.0-M15\apacheds-kerberos-codec-2.0.0-M15.jar;C:\Users\INDERJEET\.m2\repository\org\apache\directory\server\apacheds-i18n\2.0.0-M15\apacheds-i18n-2.0.0-M15.jar;C:\Users\INDERJEET\.m2\repository\org\apache\directory\api\api-asn1-api\1.0.0-M20\api-asn1-api-1.0.0-M20.jar;C:\Users\INDERJEET\.m2\repository\org\apache\directory\api\api-util\1.0.0-M20\api-util-1.0.0-M20.jar;C:\Users\INDERJEET\.m2\repository\com\jcraft\jsch\0.1.42\jsch-0.1.42.jar;C:\Users\INDERJEET\.m2\repository\org\apache\zookeeper\zookeeper\3.4.10\zookeeper-3.4.10.jar;C:\Users\INDERJEET\.m2\repository\jline\jline\0.9.94\jline-0.9.94.jar;C:\Users\INDERJEET\.m2\repository\io\netty\netty\3.10.5.Final\netty-3.10.5.Final.jar;C:\Users\INDERJEET\.m2\repository\commons-beanutils\commons-beanutils\1.9.3\commons-beanutils-1.9.3.jar;C:\Users\INDERJEET\.m2\repository\commons-daemon\commons-daemon\1.0.13\commons-daemon-1.0.13.jar;C:\Users\INDERJEET\.m2\repository\xerces\xercesImpl\2.9.1\xercesImpl-2.9.1.jar;C:\Users\INDERJEET\.m2\repository\xml-apis\xml-apis\1.3.04\xml-apis-1.3.04.jar;C:\Users\INDERJEET\.m2\repository\javax\xml\bind\jaxb-api\2.2.2\jaxb-api-2.2.2.jar;C:\Users\INDERJEET\.m2\repository\javax\xml\stream\stax-api\1.0-2\stax-api-1.0-2.jar;C:\Users\INDERJEET\.m2\repository\javax\activation\activation\1.1\activation-1.1.jar;C:\Users\INDERJEET\.m2\repository\com\sun\jersey\jersey-client\1.9\jersey-client-1.9.jar;C:\Users\INDERJEET\.m2\repository\org\apache\flink\flink-streaming-java_2.11\1.9.3\flink-streaming-java_2.11-1.9.3.jar;C:\Users\INDERJEET\.m2\repository\org\apache\flink\flink-runtime_2.11\1.9.3\flink-runtime_2.11-1.9.3.jar;C:\Users\INDERJEET\.m2\repository\org\apache\flink\flink-queryable-state-client-java\1.9.3\flink-queryable-state-client-java-1.9.3.jar;C:\Users\INDERJEET\.m2\repository\org\apache\flink\flink-hadoop-fs\1.9.3\flink-hadoop-fs-1.9.3.jar;C:\Users\INDERJEET\.m2\repository\org\apache\flink\flink-shaded-netty\4.1.32.Final-7.0\flink-shaded-netty-4.1.32.Final-7.0.jar;C:\Users\INDERJEET\.m2\repository\org\apache\flink\flink-shaded-jackson\2.10.1-9.0\flink-shaded-jackson-2.10.1-9.0.jar;C:\Users\INDERJEET\.m2\repository\org\javassist\javassist\3.19.0-GA\javassist-3.19.0-GA.jar;C:\Users\INDERJEET\.m2\repository\org\scala-lang\scala-library\2.11.12\scala-library-2.11.12.jar;C:\Users\INDERJEET\.m2\repository\com\typesafe\akka\akka-actor_2.11\2.5.21\akka-actor_2.11-2.5.21.jar;C:\Users\INDERJEET\.m2\repository\com\typesafe\config\1.3.3\config-1.3.3.jar;C:\Users\INDERJEET\.m2\repository\org\scala-lang\modules\scala-java8-compat_2.11\0.7.0\scala-java8-compat_2.11-0.7.0.jar;C:\Users\INDERJEET\.m2\repository\com\typesafe\akka\akka-stream_2.11\2.5.21\akka-stream_2.11-2.5.21.jar;C:\Users\INDERJEET\.m2\repository\org\reactivestreams\reactive-streams\1.0.2\reactive-streams-1.0.2.jar;C:\Users\INDERJEET\.m2\repository\com\typesafe\ssl-config-core_2.11\0.3.7\ssl-config-core_2.11-0.3.7.jar;C:\Users\INDERJEET\.m2\repository\org\scala-lang\modules\scala-parser-combinators_2.11\1.1.1\scala-parser-combinators_2.11-1.1.1.jar;C:\Users\INDERJEET\.m2\repository\com\typesafe\akka\akka-protobuf_2.11\2.5.21\akka-protobuf_2.11-2.5.21.jar;C:\Users\INDERJEET\.m2\repository\com\typesafe\akka\akka-slf4j_2.11\2.5.21\akka-slf4j_2.11-2.5.21.jar;C:\Users\INDERJEET\.m2\repository\org\clapper\grizzled-slf4j_2.11\1.3.2\grizzled-slf4j_2.11-1.3.2.jar;C:\Users\INDERJEET\.m2\repository\com\github\scopt\scopt_2.11\3.5.0\scopt_2.11-3.5.0.jar;C:\Users\INDERJEET\.m2\repository\com\twitter\chill_2.11\0.7.6\chill_2.11-0.7.6.jar;C:\Users\INDERJEET\.m2\repository\com\twitter\chill-java\0.7.6\chill-java-0.7.6.jar;C:\Users\INDERJEET\.m2\repository\org\apache\flink\flink-clients_2.11\1.9.3\flink-clients_2.11-1.9.3.jar;C:\Users\INDERJEET\.m2\repository\org\apache\flink\flink-optimizer_2.11\1.9.3\flink-optimizer_2.11-1.9.3.jar;C:\Users\INDERJEET\.m2\repository\org\apache\flink\flink-shaded-guava\18.0-7.0\flink-shaded-guava-18.0-7.0.jar;C:\Users\INDERJEET\.m2\repository\org\apache\parquet\parquet-protobuf\1.12.0\parquet-protobuf-1.12.0.jar;C:\Users\INDERJEET\.m2\repository\com\google\protobuf\protobuf-java\3.5.1\protobuf-java-3.5.1.jar;C:\Users\INDERJEET\.m2\repository\org\apache\parquet\parquet-common\1.12.0\parquet-common-1.12.0.jar;C:\Users\INDERJEET\.m2\repository\org\apache\parquet\parquet-format-structures\1.12.0\parquet-format-structures-1.12.0.jar;C:\Users\INDERJEET\.m2\repository\javax\annotation\javax.annotation-api\1.3.2\javax.annotation-api-1.3.2.jar;C:\Users\INDERJEET\.m2\repository\org\apache\yetus\audience-annotations\0.12.0\audience-annotations-0.12.0.jar;C:\Users\INDERJEET\.m2\repository\org\apache\parquet\parquet-column\1.12.0\parquet-column-1.12.0.jar;C:\Users\INDERJEET\.m2\repository\org\apache\parquet\parquet-encoding\1.12.0\parquet-encoding-1.12.0.jar;C:\Users\INDERJEET\.m2\repository\org\apache\parquet\parquet-hadoop\1.12.0\parquet-hadoop-1.12.0.jar;C:\Users\INDERJEET\.m2\repository\org\apache\parquet\parquet-jackson\1.12.0\parquet-jackson-1.12.0.jar;C:\Users\INDERJEET\.m2\repository\commons-pool\commons-pool\1.6\commons-pool-1.6.jar;C:\Users\INDERJEET\.m2\repository\com\github\luben\zstd-jni\1.4.9-1\zstd-jni-1.4.9-1.jar;C:\Users\INDERJEET\.m2\repository\com\twitter\elephantbird\elephant-bird-core\4.4\elephant-bird-core-4.4.jar;C:\Users\INDERJEET\.m2\repository\com\twitter\elephantbird\elephant-bird-hadoop-compat\4.4\elephant-bird-hadoop-compat-4.4.jar;C:\Users\INDERJEET\.m2\repository\org\apache\thrift\libthrift\0.7.0\libthrift-0.7.0.jar;C:\Users\INDERJEET\.m2\repository\org\apache\httpcomponents\httpclient\4.0.1\httpclient-4.0.1.jar;C:\Users\INDERJEET\.m2\repository\org\apache\httpcomponents\httpcore\4.0.1\httpcore-4.0.1.jar;C:\Users\INDERJEET\.m2\repository\com\googlecode\json-simple\json-simple\1.1\json-simple-1.1.jar;C:\Users\INDERJEET\.m2\repository\org\gradoop\gradoop-common\0.7.0-SNAPSHOT\gradoop-common-0.7.0-SNAPSHOT-tests.jar;C:\Users\INDERJEET\.m2\repository\org\apache\flink\flink-test-utils_2.11\1.9.3\flink-test-utils_2.11-1.9.3.jar;C:\Users\INDERJEET\.m2\repository\org\apache\flink\flink-test-utils-junit\1.9.3\flink-test-utils-junit-1.9.3.jar;C:\Users\INDERJEET\.m2\repository\org\apache\flink\flink-runtime_2.11\1.9.3\flink-runtime_2.11-1.9.3-tests.jar;C:\Users\INDERJEET\.m2\repository\org\apache\curator\curator-test\2.12.0\curator-test-2.12.0.jar;C:\Users\INDERJEET\.m2\repository\org\apache\logging\log4j\log4j-core\2.17.1\log4j-core-2.17.1.jar;C:\Users\INDERJEET\.m2\repository\org\apache\logging\log4j\log4j-api\2.17.1\log4j-api-2.17.1.jar;C:\Users\INDERJEET\.m2\repository\junit\junit\4.13.1\junit-4.13.1.jar;C:\Users\INDERJEET\.m2\repository\org\hamcrest\hamcrest-core\1.3\hamcrest-core-1.3.jar;C:\Users\INDERJEET\.m2\repository\org\mockito\mockito-core\2.21.0\mockito-core-2.21.0.jar;C:\Users\INDERJEET\.m2\repository\net\bytebuddy\byte-buddy\1.8.15\byte-buddy-1.8.15.jar;C:\Users\INDERJEET\.m2\repository\net\bytebuddy\byte-buddy-agent\1.8.15\byte-buddy-agent-1.8.15.jar;C:\Users\INDERJEET\.m2\repository\org\objenesis\objenesis\2.6\objenesis-2.6.jar;"/>
    <property name="java.vm.vendor" value="Oracle Corporation"/>
    <property name="sun.arch.data.model" value="64"/>
    <property name="user.variant" value=""/>
    <property name="java.vendor.url" value="http://java.oracle.com/"/>
    <property name="user.timezone" value="Asia/Calcutta"/>
    <property name="java.vm.specification.version" value="1.8"/>
    <property name="os.name" value="Windows 10"/>
    <property name="user.country" value="US"/>
    <property name="sun.java.launcher" value="SUN_STANDARD"/>
    <property name="sun.boot.library.path" value="C:\Program Files\Java\jdk1.8.0_202\jre\bin"/>
    <property name="sun.java.command" value="C:\Users\INDERJ~1\AppData\Local\Temp\surefire6219334692218538694\surefirebooter5786876922617805710.jar C:\Users\INDERJEET\AppData\Local\Temp\surefire6219334692218538694 2024-04-09T21-29-12_089-jvmRun1 surefire7190557125115610290tmp surefire_07218448052676093815tmp"/>
    <property name="surefire.test.class.path" value="C:\Users\INDERJEET\project\gradoop-flink\target\test-classes;C:\Users\INDERJEET\project\gradoop-flink\target\classes;C:\Users\INDERJEET\.m2\repository\org\gradoop\gradoop-common\0.7.0-SNAPSHOT\gradoop-common-0.7.0-SNAPSHOT.jar;C:\Users\INDERJEET\.m2\repository\com\google\guava\guava\14.0\guava-14.0.jar;C:\Users\INDERJEET\.m2\repository\org\apache\commons\commons-lang3\3.11\commons-lang3-3.11.jar;C:\Users\INDERJEET\.m2\repository\org\gradoop\gradoop-gdl\0.5.2\gradoop-gdl-0.5.2.jar;C:\Users\INDERJEET\.m2\repository\org\antlr\antlr4-runtime\4.9.1\antlr4-runtime-4.9.1.jar;C:\Users\INDERJEET\.m2\repository\org\codehaus\jettison\jettison\1.5.4\jettison-1.5.4.jar;C:\Users\INDERJEET\.m2\repository\org\apache\flink\flink-java\1.9.3\flink-java-1.9.3.jar;C:\Users\INDERJEET\.m2\repository\org\apache\flink\flink-core\1.9.3\flink-core-1.9.3.jar;C:\Users\INDERJEET\.m2\repository\org\apache\flink\flink-annotations\1.9.3\flink-annotations-1.9.3.jar;C:\Users\INDERJEET\.m2\repository\org\apache\flink\flink-metrics-core\1.9.3\flink-metrics-core-1.9.3.jar;C:\Users\INDERJEET\.m2\repository\com\esotericsoftware\kryo\kryo\2.24.0\kryo-2.24.0.jar;C:\Users\INDERJEET\.m2\repository\com\esotericsoftware\minlog\minlog\1.2\minlog-1.2.jar;C:\Users\INDERJEET\.m2\repository\org\apache\flink\flink-shaded-asm-6\6.2.1-7.0\flink-shaded-asm-6-6.2.1-7.0.jar;C:\Users\INDERJEET\.m2\repository\org\apache\commons\commons-math3\3.5\commons-math3-3.5.jar;C:\Users\INDERJEET\.m2\repository\org\slf4j\slf4j-api\1.7.15\slf4j-api-1.7.15.jar;C:\Users\INDERJEET\.m2\repository\com\google\code\findbugs\jsr305\1.3.9\jsr305-1.3.9.jar;C:\Users\INDERJEET\.m2\repository\org\apache\flink\force-shading\1.9.3\force-shading-1.9.3.jar;C:\Users\INDERJEET\.m2\repository\org\apache\flink\flink-gelly_2.11\1.9.3\flink-gelly_2.11-1.9.3.jar;C:\Users\INDERJEET\.m2\repository\me\lemire\integercompression\JavaFastPFOR\0.1.10\JavaFastPFOR-0.1.10.jar;C:\Users\INDERJEET\.m2\repository\org\apache\flink\flink-hadoop-compatibility_2.11\1.9.3\flink-hadoop-compatibility_2.11-1.9.3.jar;C:\Users\INDERJEET\.m2\repository\org\apache\flink\flink-shaded-hadoop-2\2.6.5-9.0\flink-shaded-hadoop-2-2.6.5-9.0.jar;C:\Users\INDERJEET\.m2\repository\org\apache\commons\commons-compress\1.18\commons-compress-1.18.jar;C:\Users\INDERJEET\.m2\repository\org\apache\avro\avro\1.8.2\avro-1.8.2.jar;C:\Users\INDERJEET\.m2\repository\org\codehaus\jackson\jackson-core-asl\1.9.13\jackson-core-asl-1.9.13.jar;C:\Users\INDERJEET\.m2\repository\org\codehaus\jackson\jackson-mapper-asl\1.9.13\jackson-mapper-asl-1.9.13.jar;C:\Users\INDERJEET\.m2\repository\com\thoughtworks\paranamer\paranamer\2.7\paranamer-2.7.jar;C:\Users\INDERJEET\.m2\repository\org\xerial\snappy\snappy-java\1.1.4\snappy-java-1.1.4.jar;C:\Users\INDERJEET\.m2\repository\org\tukaani\xz\1.5\xz-1.5.jar;C:\Users\INDERJEET\.m2\repository\commons-cli\commons-cli\1.4\commons-cli-1.4.jar;C:\Users\INDERJEET\.m2\repository\xmlenc\xmlenc\0.52\xmlenc-0.52.jar;C:\Users\INDERJEET\.m2\repository\commons-codec\commons-codec\1.10\commons-codec-1.10.jar;C:\Users\INDERJEET\.m2\repository\commons-io\commons-io\2.4\commons-io-2.4.jar;C:\Users\INDERJEET\.m2\repository\commons-net\commons-net\3.1\commons-net-3.1.jar;C:\Users\INDERJEET\.m2\repository\commons-collections\commons-collections\3.2.2\commons-collections-3.2.2.jar;C:\Users\INDERJEET\.m2\repository\javax\servlet\servlet-api\2.5\servlet-api-2.5.jar;C:\Users\INDERJEET\.m2\repository\commons-el\commons-el\1.0\commons-el-1.0.jar;C:\Users\INDERJEET\.m2\repository\commons-logging\commons-logging\1.1.3\commons-logging-1.1.3.jar;C:\Users\INDERJEET\.m2\repository\log4j\log4j\1.2.17\log4j-1.2.17.jar;C:\Users\INDERJEET\.m2\repository\com\jamesmurty\utils\java-xmlbuilder\0.4\java-xmlbuilder-0.4.jar;C:\Users\INDERJEET\.m2\repository\commons-lang\commons-lang\2.6\commons-lang-2.6.jar;C:\Users\INDERJEET\.m2\repository\commons-configuration\commons-configuration\1.7\commons-configuration-1.7.jar;C:\Users\INDERJEET\.m2\repository\commons-digester\commons-digester\1.8.1\commons-digester-1.8.1.jar;C:\Users\INDERJEET\.m2\repository\org\slf4j\slf4j-log4j12\1.7.15\slf4j-log4j12-1.7.15.jar;C:\Users\INDERJEET\.m2\repository\com\google\code\gson\gson\2.2.4\gson-2.2.4.jar;C:\Users\INDERJEET\.m2\repository\org\apache\directory\server\apacheds-kerberos-codec\2.0.0-M15\apacheds-kerberos-codec-2.0.0-M15.jar;C:\Users\INDERJEET\.m2\repository\org\apache\directory\server\apacheds-i18n\2.0.0-M15\apacheds-i18n-2.0.0-M15.jar;C:\Users\INDERJEET\.m2\repository\org\apache\directory\api\api-asn1-api\1.0.0-M20\api-asn1-api-1.0.0-M20.jar;C:\Users\INDERJEET\.m2\repository\org\apache\directory\api\api-util\1.0.0-M20\api-util-1.0.0-M20.jar;C:\Users\INDERJEET\.m2\repository\com\jcraft\jsch\0.1.42\jsch-0.1.42.jar;C:\Users\INDERJEET\.m2\repository\org\apache\zookeeper\zookeeper\3.4.10\zookeeper-3.4.10.jar;C:\Users\INDERJEET\.m2\repository\jline\jline\0.9.94\jline-0.9.94.jar;C:\Users\INDERJEET\.m2\repository\io\netty\netty\3.10.5.Final\netty-3.10.5.Final.jar;C:\Users\INDERJEET\.m2\repository\commons-beanutils\commons-beanutils\1.9.3\commons-beanutils-1.9.3.jar;C:\Users\INDERJEET\.m2\repository\commons-daemon\commons-daemon\1.0.13\commons-daemon-1.0.13.jar;C:\Users\INDERJEET\.m2\repository\xerces\xercesImpl\2.9.1\xercesImpl-2.9.1.jar;C:\Users\INDERJEET\.m2\repository\xml-apis\xml-apis\1.3.04\xml-apis-1.3.04.jar;C:\Users\INDERJEET\.m2\repository\javax\xml\bind\jaxb-api\2.2.2\jaxb-api-2.2.2.jar;C:\Users\INDERJEET\.m2\repository\javax\xml\stream\stax-api\1.0-2\stax-api-1.0-2.jar;C:\Users\INDERJEET\.m2\repository\javax\activation\activation\1.1\activation-1.1.jar;C:\Users\INDERJEET\.m2\repository\com\sun\jersey\jersey-client\1.9\jersey-client-1.9.jar;C:\Users\INDERJEET\.m2\repository\org\apache\flink\flink-streaming-java_2.11\1.9.3\flink-streaming-java_2.11-1.9.3.jar;C:\Users\INDERJEET\.m2\repository\org\apache\flink\flink-runtime_2.11\1.9.3\flink-runtime_2.11-1.9.3.jar;C:\Users\INDERJEET\.m2\repository\org\apache\flink\flink-queryable-state-client-java\1.9.3\flink-queryable-state-client-java-1.9.3.jar;C:\Users\INDERJEET\.m2\repository\org\apache\flink\flink-hadoop-fs\1.9.3\flink-hadoop-fs-1.9.3.jar;C:\Users\INDERJEET\.m2\repository\org\apache\flink\flink-shaded-netty\4.1.32.Final-7.0\flink-shaded-netty-4.1.32.Final-7.0.jar;C:\Users\INDERJEET\.m2\repository\org\apache\flink\flink-shaded-jackson\2.10.1-9.0\flink-shaded-jackson-2.10.1-9.0.jar;C:\Users\INDERJEET\.m2\repository\org\javassist\javassist\3.19.0-GA\javassist-3.19.0-GA.jar;C:\Users\INDERJEET\.m2\repository\org\scala-lang\scala-library\2.11.12\scala-library-2.11.12.jar;C:\Users\INDERJEET\.m2\repository\com\typesafe\akka\akka-actor_2.11\2.5.21\akka-actor_2.11-2.5.21.jar;C:\Users\INDERJEET\.m2\repository\com\typesafe\config\1.3.3\config-1.3.3.jar;C:\Users\INDERJEET\.m2\repository\org\scala-lang\modules\scala-java8-compat_2.11\0.7.0\scala-java8-compat_2.11-0.7.0.jar;C:\Users\INDERJEET\.m2\repository\com\typesafe\akka\akka-stream_2.11\2.5.21\akka-stream_2.11-2.5.21.jar;C:\Users\INDERJEET\.m2\repository\org\reactivestreams\reactive-streams\1.0.2\reactive-streams-1.0.2.jar;C:\Users\INDERJEET\.m2\repository\com\typesafe\ssl-config-core_2.11\0.3.7\ssl-config-core_2.11-0.3.7.jar;C:\Users\INDERJEET\.m2\repository\org\scala-lang\modules\scala-parser-combinators_2.11\1.1.1\scala-parser-combinators_2.11-1.1.1.jar;C:\Users\INDERJEET\.m2\repository\com\typesafe\akka\akka-protobuf_2.11\2.5.21\akka-protobuf_2.11-2.5.21.jar;C:\Users\INDERJEET\.m2\repository\com\typesafe\akka\akka-slf4j_2.11\2.5.21\akka-slf4j_2.11-2.5.21.jar;C:\Users\INDERJEET\.m2\repository\org\clapper\grizzled-slf4j_2.11\1.3.2\grizzled-slf4j_2.11-1.3.2.jar;C:\Users\INDERJEET\.m2\repository\com\github\scopt\scopt_2.11\3.5.0\scopt_2.11-3.5.0.jar;C:\Users\INDERJEET\.m2\repository\com\twitter\chill_2.11\0.7.6\chill_2.11-0.7.6.jar;C:\Users\INDERJEET\.m2\repository\com\twitter\chill-java\0.7.6\chill-java-0.7.6.jar;C:\Users\INDERJEET\.m2\repository\org\apache\flink\flink-clients_2.11\1.9.3\flink-clients_2.11-1.9.3.jar;C:\Users\INDERJEET\.m2\repository\org\apache\flink\flink-optimizer_2.11\1.9.3\flink-optimizer_2.11-1.9.3.jar;C:\Users\INDERJEET\.m2\repository\org\apache\flink\flink-shaded-guava\18.0-7.0\flink-shaded-guava-18.0-7.0.jar;C:\Users\INDERJEET\.m2\repository\org\apache\parquet\parquet-protobuf\1.12.0\parquet-protobuf-1.12.0.jar;C:\Users\INDERJEET\.m2\repository\com\google\protobuf\protobuf-java\3.5.1\protobuf-java-3.5.1.jar;C:\Users\INDERJEET\.m2\repository\org\apache\parquet\parquet-common\1.12.0\parquet-common-1.12.0.jar;C:\Users\INDERJEET\.m2\repository\org\apache\parquet\parquet-format-structures\1.12.0\parquet-format-structures-1.12.0.jar;C:\Users\INDERJEET\.m2\repository\javax\annotation\javax.annotation-api\1.3.2\javax.annotation-api-1.3.2.jar;C:\Users\INDERJEET\.m2\repository\org\apache\yetus\audience-annotations\0.12.0\audience-annotations-0.12.0.jar;C:\Users\INDERJEET\.m2\repository\org\apache\parquet\parquet-column\1.12.0\parquet-column-1.12.0.jar;C:\Users\INDERJEET\.m2\repository\org\apache\parquet\parquet-encoding\1.12.0\parquet-encoding-1.12.0.jar;C:\Users\INDERJEET\.m2\repository\org\apache\parquet\parquet-hadoop\1.12.0\parquet-hadoop-1.12.0.jar;C:\Users\INDERJEET\.m2\repository\org\apache\parquet\parquet-jackson\1.12.0\parquet-jackson-1.12.0.jar;C:\Users\INDERJEET\.m2\repository\commons-pool\commons-pool\1.6\commons-pool-1.6.jar;C:\Users\INDERJEET\.m2\repository\com\github\luben\zstd-jni\1.4.9-1\zstd-jni-1.4.9-1.jar;C:\Users\INDERJEET\.m2\repository\com\twitter\elephantbird\elephant-bird-core\4.4\elephant-bird-core-4.4.jar;C:\Users\INDERJEET\.m2\repository\com\twitter\elephantbird\elephant-bird-hadoop-compat\4.4\elephant-bird-hadoop-compat-4.4.jar;C:\Users\INDERJEET\.m2\repository\org\apache\thrift\libthrift\0.7.0\libthrift-0.7.0.jar;C:\Users\INDERJEET\.m2\repository\org\apache\httpcomponents\httpclient\4.0.1\httpclient-4.0.1.jar;C:\Users\INDERJEET\.m2\repository\org\apache\httpcomponents\httpcore\4.0.1\httpcore-4.0.1.jar;C:\Users\INDERJEET\.m2\repository\com\googlecode\json-simple\json-simple\1.1\json-simple-1.1.jar;C:\Users\INDERJEET\.m2\repository\org\gradoop\gradoop-common\0.7.0-SNAPSHOT\gradoop-common-0.7.0-SNAPSHOT-tests.jar;C:\Users\INDERJEET\.m2\repository\org\apache\flink\flink-test-utils_2.11\1.9.3\flink-test-utils_2.11-1.9.3.jar;C:\Users\INDERJEET\.m2\repository\org\apache\flink\flink-test-utils-junit\1.9.3\flink-test-utils-junit-1.9.3.jar;C:\Users\INDERJEET\.m2\repository\org\apache\flink\flink-runtime_2.11\1.9.3\flink-runtime_2.11-1.9.3-tests.jar;C:\Users\INDERJEET\.m2\repository\org\apache\curator\curator-test\2.12.0\curator-test-2.12.0.jar;C:\Users\INDERJEET\.m2\repository\org\apache\logging\log4j\log4j-core\2.17.1\log4j-core-2.17.1.jar;C:\Users\INDERJEET\.m2\repository\org\apache\logging\log4j\log4j-api\2.17.1\log4j-api-2.17.1.jar;C:\Users\INDERJEET\.m2\repository\junit\junit\4.13.1\junit-4.13.1.jar;C:\Users\INDERJEET\.m2\repository\org\hamcrest\hamcrest-core\1.3\hamcrest-core-1.3.jar;C:\Users\INDERJEET\.m2\repository\org\mockito\mockito-core\2.21.0\mockito-core-2.21.0.jar;C:\Users\INDERJEET\.m2\repository\net\bytebuddy\byte-buddy\1.8.15\byte-buddy-1.8.15.jar;C:\Users\INDERJEET\.m2\repository\net\bytebuddy\byte-buddy-agent\1.8.15\byte-buddy-agent-1.8.15.jar;C:\Users\INDERJEET\.m2\repository\org\objenesis\objenesis\2.6\objenesis-2.6.jar;"/>
    <property name="sun.cpu.endian" value="little"/>
    <property name="user.home" value="C:\Users\INDERJEET"/>
    <property name="user.language" value="en"/>
    <property name="java.specification.vendor" value="Oracle Corporation"/>
    <property name="java.home" value="C:\Program Files\Java\jdk1.8.0_202\jre"/>
    <property name="basedir" value="C:\Users\INDERJEET\project\gradoop-flink"/>
    <property name="file.separator" value="\"/>
    <property name="line.separator" value="&#10;"/>
    <property name="java.vm.specification.vendor" value="Oracle Corporation"/>
    <property name="java.specification.name" value="Java Platform API Specification"/>
    <property name="java.awt.graphicsenv" value="sun.awt.Win32GraphicsEnvironment"/>
    <property name="surefire.real.class.path" value="C:\Users\INDERJ~1\AppData\Local\Temp\surefire6219334692218538694\surefirebooter5786876922617805710.jar;C:\\Users\\INDERJEET\\.m2\\repository\\org\\jacoco\\org.jacoco.agent\\0.8.1\\org.jacoco.agent-0.8.1-runtime.jar"/>
    <property name="sun.boot.class.path" value="C:\Program Files\Java\jdk1.8.0_202\jre\lib\resources.jar;C:\Program Files\Java\jdk1.8.0_202\jre\lib\rt.jar;C:\Program Files\Java\jdk1.8.0_202\jre\lib\sunrsasign.jar;C:\Program Files\Java\jdk1.8.0_202\jre\lib\jsse.jar;C:\Program Files\Java\jdk1.8.0_202\jre\lib\jce.jar;C:\Program Files\Java\jdk1.8.0_202\jre\lib\charsets.jar;C:\Program Files\Java\jdk1.8.0_202\jre\lib\jfr.jar;C:\Program Files\Java\jdk1.8.0_202\jre\classes"/>
    <property name="user.script" value=""/>
    <property name="sun.management.compiler" value="HotSpot 64-Bit Tiered Compilers"/>
    <property name="java.runtime.version" value="1.8.0_202-b08"/>
    <property name="user.name" value="INDERJEET"/>
    <property name="path.separator" value=";"/>
    <property name="os.version" value="10.0"/>
    <property name="java.endorsed.dirs" value="C:\Program Files\Java\jdk1.8.0_202\jre\lib\endorsed"/>
    <property name="java.runtime.name" value="Java(TM) SE Runtime Environment"/>
    <property name="file.encoding" value="Cp1252"/>
    <property name="java.vm.name" value="Java HotSpot(TM) 64-Bit Server VM"/>
    <property name="localRepository" value="C:\Users\INDERJEET\.m2\repository"/>
    <property name="java.vendor.url.bug" value="http://bugreport.sun.com/bugreport/"/>
    <property name="java.io.tmpdir" value="C:\Users\INDERJ~1\AppData\Local\Temp\"/>
    <property name="java.version" value="1.8.0_202"/>
    <property name="user.dir" value="C:\Users\INDERJEET\project\gradoop-flink"/>
    <property name="os.arch" value="amd64"/>
    <property name="java.vm.specification.name" value="Java Virtual Machine Specification"/>
    <property name="java.awt.printerjob" value="sun.awt.windows.WPrinterJob"/>
    <property name="sun.os.patch.level" value=""/>
    <property name="java.library.path" value="C:\Program Files\Java\jdk1.8.0_202\jre\bin;C:\WINDOWS\Sun\Java\bin;C:\WINDOWS\system32;C:\WINDOWS;C:\Program Files (x86)\Common Files\Oracle\Java\javapath;C:\Python39\Scripts\;C:\Python39\;C:\Program Files\Common Files\Oracle\Java\javapath;C:\WINDOWS\system32;C:\WINDOWS;C:\WINDOWS\System32\Wbem;C:\WINDOWS\System32\WindowsPowerShell\v1.0\;C:\WINDOWS\System32\OpenSSH\;C:\apache-maven-3.8.4\bin;C:\Program Files\Git\cmd;C:\Program Files\nodejs\;C:\Program Files\Docker\Docker\resources\bin;C:\Users\INDERJEET\AppData\Local\Microsoft\WindowsApps;C:\Users\INDERJEET\AppData\Local\Programs\Microsoft VS Code\bin;C:\Users\INDERJEET\AppData\Roaming\npm;."/>
    <property name="java.vm.info" value="mixed mode"/>
    <property name="java.vendor" value="Oracle Corporation"/>
    <property name="java.vm.version" value="25.202-b08"/>
    <property name="java.ext.dirs" value="C:\Program Files\Java\jdk1.8.0_202\jre\lib\ext;C:\WINDOWS\Sun\Java\lib\ext"/>
    <property name="sun.io.unicode.encoding" value="UnicodeLittle"/>
    <property name="java.class.version" value="52.0"/>
  </properties>
  <testcase name="testVertexInducedSubgraph" classname="org.gradoop.flink.model.impl.operators.subgraph.SubgraphTest" time="1.833"/>
</testsuite>